ARM GAS  /tmp/cczIrPwO.s 			page 1


   1              		.cpu cortex-m0
   2              		.eabi_attribute 20, 1
   3              		.eabi_attribute 21, 1
   4              		.eabi_attribute 23, 3
   5              		.eabi_attribute 24, 1
   6              		.eabi_attribute 25, 1
   7              		.eabi_attribute 26, 1
   8              		.eabi_attribute 30, 4
   9              		.eabi_attribute 34, 0
  10              		.eabi_attribute 18, 4
  11              		.file	"stm32f0xx_hal_pcd_ex.c"
  12              		.text
  13              		.section	.text.HAL_PCDEx_PMAConfig,"ax",%progbits
  14              		.align	1
  15              		.global	HAL_PCDEx_PMAConfig
  16              		.arch armv6s-m
  17              		.syntax unified
  18              		.code	16
  19              		.thumb_func
  20              		.fpu softvfp
  22              	HAL_PCDEx_PMAConfig:
  23              		@ args = 0, pretend = 0, frame = 0
  24              		@ frame_needed = 0, uses_anonymous_args = 0
  25 0000 30B5     		push	{r4, r5, lr}
  26 0002 1C24     		movs	r4, #28
  27 0004 0D06     		lsls	r5, r1, #24
  28 0006 0BD5     		bpl	.L2
  29 0008 7F25     		movs	r5, #127
  30 000a 2940     		ands	r1, r5
  31 000c 4C43     		muls	r4, r1
  32 000e 2834     		adds	r4, r4, #40
  33              	.L6:
  34 0010 0419     		adds	r4, r0, r4
  35 0012 99B2     		uxth	r1, r3
  36 0014 002A     		cmp	r2, #0
  37 0016 07D1     		bne	.L4
  38 0018 A272     		strb	r2, [r4, #10]
  39 001a A180     		strh	r1, [r4, #4]
  40              	.L5:
  41 001c 0020     		movs	r0, #0
  42              		@ sp needed
  43 001e 30BD     		pop	{r4, r5, pc}
  44              	.L2:
  45 0020 4C43     		muls	r4, r1
  46 0022 0934     		adds	r4, r4, #9
  47 0024 FF34     		adds	r4, r4, #255
  48 0026 F3E7     		b	.L6
  49              	.L4:
  50 0028 0122     		movs	r2, #1
  51 002a 1B0C     		lsrs	r3, r3, #16
  52 002c A272     		strb	r2, [r4, #10]
  53 002e E180     		strh	r1, [r4, #6]
  54 0030 2381     		strh	r3, [r4, #8]
  55 0032 F3E7     		b	.L5
  57              		.ident	"GCC: (Arch Repository) 10.1.0"
ARM GAS  /tmp/cczIrPwO.s 			page 2


DEFINED SYMBOLS
                            *ABS*:0000000000000000 stm32f0xx_hal_pcd_ex.c
     /tmp/cczIrPwO.s:14     .text.HAL_PCDEx_PMAConfig:0000000000000000 $t
     /tmp/cczIrPwO.s:22     .text.HAL_PCDEx_PMAConfig:0000000000000000 HAL_PCDEx_PMAConfig

NO UNDEFINED SYMBOLS
