ARM GAS  /tmp/ccvF3rum.s 			page 1


   1              		.cpu cortex-m0
   2              		.eabi_attribute 20, 1
   3              		.eabi_attribute 21, 1
   4              		.eabi_attribute 23, 3
   5              		.eabi_attribute 24, 1
   6              		.eabi_attribute 25, 1
   7              		.eabi_attribute 26, 1
   8              		.eabi_attribute 30, 4
   9              		.eabi_attribute 34, 0
  10              		.eabi_attribute 18, 4
  11              		.file	"usbd_ioreq.c"
  12              		.text
  13              		.section	.text.USBD_CtlSendData,"ax",%progbits
  14              		.align	1
  15              		.global	USBD_CtlSendData
  16              		.arch armv6s-m
  17              		.syntax unified
  18              		.code	16
  19              		.thumb_func
  20              		.fpu softvfp
  22              	USBD_CtlSendData:
  23              		@ args = 0, pretend = 0, frame = 0
  24              		@ frame_needed = 0, uses_anonymous_args = 0
  25 0000 1300     		movs	r3, r2
  26 0002 FA22     		movs	r2, #250
  27 0004 10B5     		push	{r4, lr}
  28 0006 0224     		movs	r4, #2
  29              		@ sp needed
  30 0008 5200     		lsls	r2, r2, #1
  31 000a 8450     		str	r4, [r0, r2]
  32 000c 0A00     		movs	r2, r1
  33 000e 8361     		str	r3, [r0, #24]
  34 0010 0021     		movs	r1, #0
  35 0012 C361     		str	r3, [r0, #28]
  36 0014 FFF7FEFF 		bl	USBD_LL_Transmit
  37 0018 0020     		movs	r0, #0
  38 001a 10BD     		pop	{r4, pc}
  40              		.section	.text.USBD_CtlContinueSendData,"ax",%progbits
  41              		.align	1
  42              		.global	USBD_CtlContinueSendData
  43              		.syntax unified
  44              		.code	16
  45              		.thumb_func
  46              		.fpu softvfp
  48              	USBD_CtlContinueSendData:
  49              		@ args = 0, pretend = 0, frame = 0
  50              		@ frame_needed = 0, uses_anonymous_args = 0
  51 0000 10B5     		push	{r4, lr}
  52 0002 1300     		movs	r3, r2
  53              		@ sp needed
  54 0004 0A00     		movs	r2, r1
  55 0006 0021     		movs	r1, #0
  56 0008 FFF7FEFF 		bl	USBD_LL_Transmit
  57 000c 0020     		movs	r0, #0
  58 000e 10BD     		pop	{r4, pc}
  60              		.section	.text.USBD_CtlPrepareRx,"ax",%progbits
  61              		.align	1
ARM GAS  /tmp/ccvF3rum.s 			page 2


  62              		.global	USBD_CtlPrepareRx
  63              		.syntax unified
  64              		.code	16
  65              		.thumb_func
  66              		.fpu softvfp
  68              	USBD_CtlPrepareRx:
  69              		@ args = 0, pretend = 0, frame = 0
  70              		@ frame_needed = 0, uses_anonymous_args = 0
  71 0000 1300     		movs	r3, r2
  72 0002 FA22     		movs	r2, #250
  73 0004 10B5     		push	{r4, lr}
  74 0006 0324     		movs	r4, #3
  75              		@ sp needed
  76 0008 5200     		lsls	r2, r2, #1
  77 000a 8450     		str	r4, [r0, r2]
  78 000c 0200     		movs	r2, r0
  79 000e FC32     		adds	r2, r2, #252
  80 0010 D360     		str	r3, [r2, #12]
  81 0012 1361     		str	r3, [r2, #16]
  82 0014 0A00     		movs	r2, r1
  83 0016 0021     		movs	r1, #0
  84 0018 FFF7FEFF 		bl	USBD_LL_PrepareReceive
  85 001c 0020     		movs	r0, #0
  86 001e 10BD     		pop	{r4, pc}
  88              		.section	.text.USBD_CtlContinueRx,"ax",%progbits
  89              		.align	1
  90              		.global	USBD_CtlContinueRx
  91              		.syntax unified
  92              		.code	16
  93              		.thumb_func
  94              		.fpu softvfp
  96              	USBD_CtlContinueRx:
  97              		@ args = 0, pretend = 0, frame = 0
  98              		@ frame_needed = 0, uses_anonymous_args = 0
  99 0000 10B5     		push	{r4, lr}
 100 0002 1300     		movs	r3, r2
 101              		@ sp needed
 102 0004 0A00     		movs	r2, r1
 103 0006 0021     		movs	r1, #0
 104 0008 FFF7FEFF 		bl	USBD_LL_PrepareReceive
 105 000c 0020     		movs	r0, #0
 106 000e 10BD     		pop	{r4, pc}
 108              		.section	.text.USBD_CtlSendStatus,"ax",%progbits
 109              		.align	1
 110              		.global	USBD_CtlSendStatus
 111              		.syntax unified
 112              		.code	16
 113              		.thumb_func
 114              		.fpu softvfp
 116              	USBD_CtlSendStatus:
 117              		@ args = 0, pretend = 0, frame = 0
 118              		@ frame_needed = 0, uses_anonymous_args = 0
 119 0000 FA23     		movs	r3, #250
 120 0002 0422     		movs	r2, #4
 121 0004 5B00     		lsls	r3, r3, #1
 122 0006 10B5     		push	{r4, lr}
 123 0008 C250     		str	r2, [r0, r3]
ARM GAS  /tmp/ccvF3rum.s 			page 3


 124 000a 0023     		movs	r3, #0
 125              		@ sp needed
 126 000c 1A00     		movs	r2, r3
 127 000e 1900     		movs	r1, r3
 128 0010 FFF7FEFF 		bl	USBD_LL_Transmit
 129 0014 0020     		movs	r0, #0
 130 0016 10BD     		pop	{r4, pc}
 132              		.section	.text.USBD_CtlReceiveStatus,"ax",%progbits
 133              		.align	1
 134              		.global	USBD_CtlReceiveStatus
 135              		.syntax unified
 136              		.code	16
 137              		.thumb_func
 138              		.fpu softvfp
 140              	USBD_CtlReceiveStatus:
 141              		@ args = 0, pretend = 0, frame = 0
 142              		@ frame_needed = 0, uses_anonymous_args = 0
 143 0000 FA23     		movs	r3, #250
 144 0002 0522     		movs	r2, #5
 145 0004 5B00     		lsls	r3, r3, #1
 146 0006 10B5     		push	{r4, lr}
 147 0008 C250     		str	r2, [r0, r3]
 148 000a 0023     		movs	r3, #0
 149              		@ sp needed
 150 000c 1A00     		movs	r2, r3
 151 000e 1900     		movs	r1, r3
 152 0010 FFF7FEFF 		bl	USBD_LL_PrepareReceive
 153 0014 0020     		movs	r0, #0
 154 0016 10BD     		pop	{r4, pc}
 156              		.section	.text.USBD_GetRxCount,"ax",%progbits
 157              		.align	1
 158              		.global	USBD_GetRxCount
 159              		.syntax unified
 160              		.code	16
 161              		.thumb_func
 162              		.fpu softvfp
 164              	USBD_GetRxCount:
 165              		@ args = 0, pretend = 0, frame = 0
 166              		@ frame_needed = 0, uses_anonymous_args = 0
 167 0000 10B5     		push	{r4, lr}
 168 0002 FFF7FEFF 		bl	USBD_LL_GetRxDataSize
 169              		@ sp needed
 170 0006 80B2     		uxth	r0, r0
 171 0008 10BD     		pop	{r4, pc}
 173              		.ident	"GCC: (Arch Repository) 10.1.0"
ARM GAS  /tmp/ccvF3rum.s 			page 4


DEFINED SYMBOLS
                            *ABS*:0000000000000000 usbd_ioreq.c
     /tmp/ccvF3rum.s:14     .text.USBD_CtlSendData:0000000000000000 $t
     /tmp/ccvF3rum.s:22     .text.USBD_CtlSendData:0000000000000000 USBD_CtlSendData
     /tmp/ccvF3rum.s:41     .text.USBD_CtlContinueSendData:0000000000000000 $t
     /tmp/ccvF3rum.s:48     .text.USBD_CtlContinueSendData:0000000000000000 USBD_CtlContinueSendData
     /tmp/ccvF3rum.s:61     .text.USBD_CtlPrepareRx:0000000000000000 $t
     /tmp/ccvF3rum.s:68     .text.USBD_CtlPrepareRx:0000000000000000 USBD_CtlPrepareRx
     /tmp/ccvF3rum.s:89     .text.USBD_CtlContinueRx:0000000000000000 $t
     /tmp/ccvF3rum.s:96     .text.USBD_CtlContinueRx:0000000000000000 USBD_CtlContinueRx
     /tmp/ccvF3rum.s:109    .text.USBD_CtlSendStatus:0000000000000000 $t
     /tmp/ccvF3rum.s:116    .text.USBD_CtlSendStatus:0000000000000000 USBD_CtlSendStatus
     /tmp/ccvF3rum.s:133    .text.USBD_CtlReceiveStatus:0000000000000000 $t
     /tmp/ccvF3rum.s:140    .text.USBD_CtlReceiveStatus:0000000000000000 USBD_CtlReceiveStatus
     /tmp/ccvF3rum.s:157    .text.USBD_GetRxCount:0000000000000000 $t
     /tmp/ccvF3rum.s:164    .text.USBD_GetRxCount:0000000000000000 USBD_GetRxCount

UNDEFINED SYMBOLS
USBD_LL_Transmit
USBD_LL_PrepareReceive
USBD_LL_GetRxDataSize
